
................Initializing test................
opened browser:- chrome
opened url:- https://www.amazon.in
selecting the dropdown:- Books  By using Locator:- searchDropdownBox
Entering the search Text:- jack sparrow By using Locator:- field-keywords
Clicking on search button: by using locator:nav-input
................Initializing test................
opened browser:- chrome
opened url:- https://www.amazon.in
selecting the dropdown:- Books  By using Locator:- searchDropdownBox
Entering the search Text:- jack sparrow By using Locator:- field-keywords
Clicking on search button: by using locator:nav-input
................Initializing test................
opened browser:- chrome
opened url:- https://www.amazon.in
selecting the dropdown:- Books  By using Locator:- searchDropdownBox
Entering the search Text:- jack sparrow By using Locator:- field-keywords
Clicking on search button: by using locator:nav-input
................Initializing test................
opened browser:- chrome
opened url:- https://www.amazon.in
selecting the dropdown:- Books  By using Locator:- searchDropdownBox
Entering the search Text:- jack sparrow By using Locator:- field-keywords
Clicking on search button: by using locator:nav-input
................Initializing test................
opened browser:- chrome
opened url:- https://www.amazon.in
selecting the dropdown:- Books  By using Locator:- searchDropdownBox
Entering the search Text:- jack sparrow By using Locator:- field-keywords
Clicking on search button: by using locator:nav-input
................Initializing test................
opened browser:- chrome
opened url:- https://www.amazon.in
selecting the dropdown:- Books  By using Locator:- searchDropdownBox
Entering the search Text:- jack sparrow By using Locator:- field-keywords
Clicking on search button: by using locator:nav-input
................Initializing test................
opened browser:- chrome
opened url:- https://www.amazon.in
selecting the dropdown:- Books  By using Locator:- searchDropdownBox
Entering the search Text:- jack sparrow By using Locator:- field-keywords
Clicking on search button: by using locator:nav-input
................Initializing test................
\..........Initializing properties files............//
\..........Initializing properties files............//
\..........Initializing properties files............//
\..........Initializing properties files............//
\..........Initializing properties files............//
\..........Initializing properties files............//
\..........Initializing properties files............//
\..........Initializing properties files............//
